container gcc5.2.1-container-wangzy has been created success!
you are in container gcc5.2.1-container-wangzy
38915
container gcc5.2.1-container-wangzy has been destoryed success!
delete image ubuntu18.04-wangzy finish!
container gcc5.2.1-container-wangzy has been created success!
container gcc5.2.1-container-wangzy has been created success!
you are in container gcc5.2.1-container-wangzy
8028
container gcc5.2.1-container-wangzy has been destoryed success!
delete image ubuntu18.04-wangzy finish!
container gcc5.2.1-container-wangzy has been created success!
you are in container gcc5.2.1-container-wangzy
29738
container gcc5.2.1-container-wangzy has been destoryed success!
delete image ubuntu18.04-wangzy finish!
container gcc5.2.1-container-wangzy has been created success!
container gcc5.2.1-container-wangzy has been created success!
you are in container gcc5.2.1-container-wangzy
31702
container gcc5.2.1-container-wangzy has been destoryed success!
delete image ubuntu18.04-wangzy finish!
container gcc5.2.1-container-wangzy has been created success!
container gcc5.2.1-container-wangzy has been created success!
you are in container gcc5.2.1-container-wangzy
9998
container gcc5.2.1-container-wangzy has been destoryed success!
delete image ubuntu18.04-wangzy finish!
container gcc5.2.1-container-wangzy has been created success!
you are in container gcc5.2.1-container-wangzy
34187
container gcc5.2.1-container-wangzy has been destoryed success!
delete image ubuntu18.04-wangzy finish!
